#
# An unexpected error has been detected by HotSpot Virtual Machine:
#
#  Internal Error (0xe0000002), pid=7492, tid=20900
#
# Java VM: Java HotSpot(TM) Client VM (1.5.0_16-b02 mixed mode)
# Problematic frame:
# C  [KERNELBASE.dll+0x129ab2]
#

---------------  T H R E A D  ---------------

Current thread (0x0794d258):  JavaThread "Thread-15" [_thread_in_native, id=20900]

siginfo: ExceptionCode=0xe0000002

Registers:
EAX=0x00f30db8, EBX=0x175696e8, ECX=0x00000000, EDX=0x77a53990
ESP=0x00f30db8, EBP=0x00f30e10, ESI=0xffffffff, EDI=0x00f30e68
EIP=0x774e9ab2, EFLAGS=0x00200246

Top of Stack: (sp=0x00f30db8)
0x00f30db8:   e0000002 00000000 00000000 774e9ab2
0x00f30dc8:   00000000 17e1cc1a 17e1cc2d 079583a7
0x00f30dd8:   1b0e006c 00000001 20249fc8 0794d258
0x00f30de8:   17d87ce8 20249fd6 00000040 17d41e1c
0x00f30df8:   079583a8 00f30e34 00f30e34 17dd5e02
0x00f30e08:   1afd05c0 f98fcc10 00f30e80 0ed61fcf
0x00f30e18:   e0000002 00000000 00000000 00000000
0x00f30e28:   0ed61ff6 77a0c0fd 00000000 c2c1d337 

Instructions: (pc=0x774e9ab2)
0x774e9aa2:   8b 00 00 83 c4 0c 8d 04 24 50 ff 15 fc c3 59 77
0x774e9ab2:   8b 4c 24 54 33 cc e8 13 4e 00 00 8b e5 5d c2 10 


Stack: [0x00e40000,0x00f40000),  sp=0x00f30db8,  free space=963k
Native frames: (J=compiled Java code, j=interpreted, Vv=VM code, C=native code)
C  [KERNELBASE.dll+0x129ab2]
C  [mso.dll+0xc71fcf]
C  [ntdll.dll+0x739fb]
C  0x18a4cc48
C  [WS2_32.dll+0x124a0]
C  0x185b6a10
j  java.net.SocketInputStream.socketRead0(Ljava/io/FileDescriptor;[BIII)I+0
j  java.net.SocketInputStream.read([BII)I+84
j  java.io.BufferedInputStream.fill()V+175
j  java.io.BufferedInputStream.read1([BII)I+44
j  java.io.BufferedInputStream.read([BII)I+49
J  java.io.FilterInputStream.read([B)I
j  com.coda.xml.router.SimpleConnection.readResponse(Lorg/xml/sax/DocumentHandler;)V+37
j  com.coda.xml.router.Router.send(Ljava/lang/String;Lcom/coda/xml/router/Router$RouterEventProducer;Lorg/xml/sax/AttributeList;Ljava/util/Locale;Lorg/xml/sax/DocumentHandler;Z)V+345
j  com.coda.xml.router.Router.send(Ljava/lang/String;Lcom/coda/xml/router/EventProducer;Lorg/xml/sax/AttributeList;Ljava/util/Locale;Lorg/xml/sax/DocumentHandler;)V+17
v  ~StubRoutines::call_stub
C  0x17d875fa
C  0x17ddfe2c
C  0x17d874cb
C  0x17d8c3ca
C  0x17a85ad9
C  0x17a8d4db

Java frames: (J=compiled Java code, j=interpreted, Vv=VM code)
j  java.net.SocketInputStream.socketRead0(Ljava/io/FileDescriptor;[BIII)I+0
j  java.net.SocketInputStream.read([BII)I+84
j  java.io.BufferedInputStream.fill()V+175
j  java.io.BufferedInputStream.read1([BII)I+44
j  java.io.BufferedInputStream.read([BII)I+49
J  java.io.FilterInputStream.read([B)I
j  com.coda.xml.router.SimpleConnection.readResponse(Lorg/xml/sax/DocumentHandler;)V+37
j  com.coda.xml.router.Router.send(Ljava/lang/String;Lcom/coda/xml/router/Router$RouterEventProducer;Lorg/xml/sax/AttributeList;Ljava/util/Locale;Lorg/xml/sax/DocumentHandler;Z)V+345
j  com.coda.xml.router.Router.send(Ljava/lang/String;Lcom/coda/xml/router/EventProducer;Lorg/xml/sax/AttributeList;Ljava/util/Locale;Lorg/xml/sax/DocumentHandler;)V+17
v  ~StubRoutines::call_stub

---------------  P R O C E S S  ---------------

Java Threads: ( => current thread )
=>0x0794d258 JavaThread "Thread-15" [_thread_in_native, id=20900]
  0x1b0d9788 JavaThread "IdleThread" daemon [_thread_blocked, id=21220]
  0x07a27750 JavaThread "Low Memory Detector" daemon [_thread_blocked, id=19840]
  0x07a26dc0 JavaThread "CompilerThread0" daemon [_thread_blocked, id=11712]
  0x07a26378 JavaThread "Signal Dispatcher" daemon [_thread_blocked, id=17720]
  0x079d6538 JavaThread "Finalizer" daemon [_thread_blocked, id=2584]
  0x079d63b0 JavaThread "Reference Handler" daemon [_thread_blocked, id=21336]

Other Threads:
  0x079c6fa0 VMThread [id=17812]
  0x079c7048 WatcherThread [id=22816]

VM state:not at safepoint (normal execution)

VM Mutex/Monitor currently owned by a thread: None

Heap
 def new generation   total 640K, used 322K [0x20210000, 0x202c0000, 0x206f0000)
  eden space 576K,  48% used [0x20210000, 0x202555a0, 0x202a0000)
  from space 64K,  70% used [0x202a0000, 0x202ab358, 0x202b0000)
  to   space 64K,   0% used [0x202b0000, 0x202b0000, 0x202c0000)
 tenured generation   total 8380K, used 7324K [0x206f0000, 0x20f1f000, 0x24210000)
   the space 8380K,  87% used [0x206f0000, 0x20e17140, 0x20e17200, 0x20f1f000)
 compacting perm gen  total 8192K, used 3690K [0x24210000, 0x24a10000, 0x28210000)
   the space 8192K,  45% used [0x24210000, 0x245aabe8, 0x245aac00, 0x24a10000)
No shared spaces configured.

Dynamic libraries:
0x2fad0000 - 0x30e4f000 	C:\Program Files (x86)\Microsoft Office\Office14\EXCEL.EXE
0x779e0000 - 0x77b83000 	C:\windows\SYSTEM32\ntdll.dll
0x76b50000 - 0x76c40000 	C:\windows\System32\KERNEL32.DLL
0x773c0000 - 0x775d4000 	C:\windows\System32\KERNELBASE.dll
0x723a0000 - 0x7243f000 	C:\windows\SYSTEM32\apphelp.dll
0x7a970000 - 0x7abc1000 	C:\windows\SYSTEM32\AcGenral.dll
0x76a90000 - 0x76b4f000 	C:\windows\System32\msvcrt.dll
0x76a10000 - 0x76a85000 	C:\windows\System32\sechost.dll
0x77690000 - 0x7774a000 	C:\windows\System32\RPCRT4.dll
0x764a0000 - 0x764e5000 	C:\windows\System32\SHLWAPI.dll
0x77830000 - 0x779c6000 	C:\windows\System32\USER32.dll
0x76da0000 - 0x76db8000 	C:\windows\System32\win32u.dll
0x775e0000 - 0x77603000 	C:\windows\System32\GDI32.dll
0x76e20000 - 0x76efa000 	C:\windows\System32\gdi32full.dll
0x76f00000 - 0x76f7b000 	C:\windows\System32\msvcp_win.dll
0x77010000 - 0x77130000 	C:\windows\System32\ucrtbase.dll
0x76210000 - 0x762f3000 	C:\windows\System32\ole32.dll
0x77130000 - 0x773b1000 	C:\windows\System32\combase.dll
0x75aa0000 - 0x75b36000 	C:\windows\System32\OLEAUT32.dll
0x75c50000 - 0x76203000 	C:\windows\System32\SHELL32.dll
0x75a20000 - 0x75a9a000 	C:\windows\System32\ADVAPI32.dll
0x728a0000 - 0x72914000 	C:\windows\SYSTEM32\UxTheme.dll
0x72980000 - 0x729a8000 	C:\windows\SYSTEM32\WINMM.dll
0x734d0000 - 0x734e5000 	C:\windows\SYSTEM32\samcli.dll
0x7a950000 - 0x7a969000 	C:\windows\SYSTEM32\MSACM32.dll
0x74fd0000 - 0x74fd8000 	C:\windows\SYSTEM32\VERSION.dll
0x754f0000 - 0x75515000 	C:\windows\SYSTEM32\USERENV.dll
0x72950000 - 0x72976000 	C:\windows\SYSTEM32\dwmapi.dll
0x74fe0000 - 0x75189000 	C:\windows\SYSTEM32\urlmon.dll
0x73460000 - 0x734cd000 	C:\windows\SYSTEM32\WINSPOOL.DRV
0x73440000 - 0x73459000 	C:\windows\SYSTEM32\MPR.dll
0x73f80000 - 0x73fa8000 	C:\windows\SYSTEM32\SspiCli.dll
0x7a930000 - 0x7a94d000 	C:\windows\SYSTEM32\winmmbase.dll
0x74c10000 - 0x74e3b000 	C:\windows\SYSTEM32\iertutil.dll
0x76310000 - 0x76397000 	C:\windows\System32\shcore.dll
0x769e0000 - 0x76a05000 	C:\windows\System32\IMM32.DLL
0x7b020000 - 0x7b0c3000 	C:\windows\WinSxS\x86_microsoft.vc90.crt_1fc8b3b9a1e18e3b_9.0.30729.9625_none_508ef7e4bcbbe589\MSVCR90.dll
0x7ae70000 - 0x7b01d000 	C:\Program Files (x86)\Microsoft Office\Office14\gfx.dll
0x751c0000 - 0x751cf000 	C:\windows\SYSTEM32\WTSAPI32.dll
0x72ad0000 - 0x72ad6000 	C:\windows\SYSTEM32\MSIMG32.dll
0x7b0d0000 - 0x7c467000 	C:\Program Files (x86)\Microsoft Office\Office14\oart.dll
0x51f00000 - 0x51f54000 	C:\windows\SYSTEM32\ninput.dll
0x738d0000 - 0x73a5c000 	C:\windows\System32\tmumh\20019\AddOn\8.53.0.1046\TmUmEvt.dll
0x758a0000 - 0x758a6000 	C:\windows\System32\PSAPI.DLL
0x734f0000 - 0x73649000 	C:\windows\System32\tmumh\20019\TmMon\2.8.0.1041\tmmon.dll
0x0e0f0000 - 0x0f2a4000 	C:\Program Files (x86)\Common Files\Microsoft Shared\office14\mso.dll
0x03930000 - 0x03bc8000 	C:\windows\SYSTEM32\msi.dll
0x02ee0000 - 0x02ef9000 	C:\windows\System32\bcrypt.dll
0x03bd0000 - 0x03de2000 	C:\windows\WinSxS\x86_microsoft.windows.common-controls_6595b64144ccf1df_6.0.19041.488_none_11b1e5df2ffd8627\Comctl32.dll
0x04050000 - 0x0446a000 	C:\Program Files (x86)\Common Files\Microsoft Shared\office14\Cultures\office.odf
0x046b0000 - 0x04783000 	C:\windows\System32\MSCTF.dll
0x04ad0000 - 0x04d33000 	C:\Program Files (x86)\Common Files\Microsoft Shared\office14\1033\MSOINTL.DLL
0x0f2b0000 - 0x137db000 	C:\Program Files (x86)\Common Files\Microsoft Shared\office14\MSORES.DLL
0x04e50000 - 0x04e5f000 	C:\windows\SYSTEM32\kernel.appcore.dll
0x04e60000 - 0x04ebc000 	C:\windows\System32\bcryptPrimitives.dll
0x05df0000 - 0x05e6e000 	C:\windows\System32\clbcatq.dll
0x05e80000 - 0x05e8e000 	C:\windows\system32\msimtf.dll
0x05ea0000 - 0x05fef000 	C:\Program Files (x86)\Common Files\Microsoft Shared\office14\riched20.dll
0x06070000 - 0x061d7000 	C:\windows\WinSxS\x86_microsoft.windows.gdiplus_6595b64144ccf1df_1.1.19041.630_none_4294daf48a972df6\GdiPlus.dll
0x069f0000 - 0x06a42000 	C:\windows\system32\mscoree.dll
0x06ad0000 - 0x06b5d000 	C:\Windows\Microsoft.NET\Framework\v4.0.30319\mscoreei.dll
0x05060000 - 0x05085000 	C:\windows\SYSTEM32\srpapi.dll
0x05090000 - 0x0518f000 	C:\windows\System32\CRYPT32.dll
0x05190000 - 0x051b0000 	C:\Program Files (x86)\Common Files\Microsoft Shared\OfficeSoftwareProtectionPlatform\OSPPC.DLL
0x051b0000 - 0x05203000 	C:\windows\SYSTEM32\OLEACC.DLL
0x07180000 - 0x07208000 	C:\windows\SYSTEM32\sxs.dll
0x07490000 - 0x074d4000 	C:\windows\SYSTEM32\POWRPROF.DLL
0x06a90000 - 0x06a9d000 	C:\windows\SYSTEM32\UMPDC.dll
0x06c30000 - 0x06cea000 	C:\windows\SYSTEM32\textinputframework.dll
0x06cf0000 - 0x06f6e000 	C:\windows\System32\CoreUIComponents.dll
0x06f70000 - 0x0700b000 	C:\windows\System32\CoreMessaging.dll
0x07b20000 - 0x07b83000 	C:\windows\System32\WS2_32.dll
0x07010000 - 0x07039000 	C:\windows\SYSTEM32\ntmarta.dll
0x07b90000 - 0x07c6e000 	C:\windows\SYSTEM32\wintypes.dll
0x08090000 - 0x0869a000 	C:\windows\SYSTEM32\windows.storage.dll
0x07620000 - 0x07644000 	C:\windows\SYSTEM32\Wldp.dll
0x07650000 - 0x0768b000 	C:\windows\System32\CFGMGR32.dll
0x07690000 - 0x07753000 	C:\windows\system32\propsys.dll
0x077c0000 - 0x077dd000 	C:\windows\SYSTEM32\profapi.dll
0x077e0000 - 0x0783e000 	C:\windows\System32\coml2.dll
0x086a0000 - 0x086d2000 	C:\windows\system32\dataexchange.dll
0x086e0000 - 0x088c0000 	C:\windows\system32\d3d11.dll
0x088c0000 - 0x08a25000 	C:\windows\system32\dcomp.dll
0x08a30000 - 0x08af2000 	C:\windows\system32\dxgi.dll
0x08b00000 - 0x08c91000 	C:\windows\system32\twinapi.appcore.dll
0x08ca0000 - 0x08d34000 	C:\windows\SYSTEM32\TextShaping.dll
0x090a0000 - 0x09330000 	C:\PROGRA~2\COMMON~1\MICROS~1\VBA\VBA7\VBE7.DLL
0x08d40000 - 0x08d66000 	C:\PROGRA~2\COMMON~1\MICROS~1\VBA\VBA7\1033\VBE7INTL.DLL
0x09400000 - 0x0952d000 	C:\windows\System32\FM20.DLL
0x09530000 - 0x095df000 	C:\windows\System32\COMDLG32.dll
0x095e0000 - 0x0966d000 	C:\windows\WinSxS\x86_microsoft.windows.common-controls_6595b64144ccf1df_5.82.19041.488_none_89e6152f0b32762e\COMCTL32.dll
0x09a40000 - 0x09ab5000 	C:\Program Files (x86)\CODA\CODA-Office\Core\CODA2Office.dll
0x09ad0000 - 0x09c70000 	C:\Program Files (x86)\CODA\CODA-Office\Core\xlCommon.dll
0x0b9c0000 - 0x0bacc000 	C:\Program Files (x86)\CODA\CODA-Office\Core\MFC80U.DLL
0x09c80000 - 0x09d1b000 	C:\windows\WinSxS\x86_microsoft.vc80.crt_1fc8b3b9a1e18e3b_8.0.50727.9672_none_d08f9da24428a513\MSVCR80.dll
0x09d20000 - 0x09d46000 	C:\Program Files (x86)\CODA\CODA-Office\Core\JVMContainer.dll
0x09de0000 - 0x09dea000 	C:\windows\SYSTEM32\Secur32.dll
0x09e20000 - 0x09e26000 	C:\windows\SYSTEM32\RICHED32.DLL
0x09e30000 - 0x09e44000 	C:\Program Files (x86)\CODA\CODA-Office\Core\xlBalanceLoader.dll
0x0afb0000 - 0x0b01f000 	C:\Program Files (x86)\CODA\CODA-Office\Core\xlBrowseDetails.dll
0x0bc40000 - 0x0bccb000 	C:\Program Files (x86)\CODA\CODA-Office\Core\xlBrowseReport.dll
0x0bc00000 - 0x0bc26000 	C:\Program Files (x86)\CODA\CODA-Office\Core\xlInput.dll
0x0bcf0000 - 0x0bd7c000 	C:\Program Files (x86)\CODA\CODA-Office\Core\xlMastersData.dll
0x0c9d0000 - 0x0cc43000 	C:\windows\SYSTEM32\UIAutomationCore.dll
0x0bf50000 - 0x0bf5a000 	C:\windows\SYSTEM32\CRYPTBASE.DLL
0x0bf60000 - 0x0bfa7000 	C:\windows\SYSTEM32\WINSTA.dll
0x0bfb0000 - 0x0bfed000 	C:\Windows\System32\OneCoreCommonProxyStub.dll
0x0c060000 - 0x0c073000 	C:\windows\SYSTEM32\CRYPTSP.dll
0x0c080000 - 0x0c0af000 	C:\windows\system32\rsaenh.dll
0x0c0b0000 - 0x0c0ba000 	C:\Program Files (x86)\Microsoft Office\Office14\msostyle.dll
0x0d920000 - 0x0da90000 	C:\windows\SYSTEM32\WindowsCodecs.dll
0x0d040000 - 0x0d089000 	C:\Windows\System32\thumbcache.dll
0x0d190000 - 0x0d1a3000 	C:\windows\system32\NetworkExplorer.dll
0x0d1b0000 - 0x0d1c9000 	C:\windows\system32\DavClnt.DLL
0x0d1d0000 - 0x0d1da000 	C:\windows\SYSTEM32\DAVHLPR.dll
0x0d320000 - 0x0d34b000 	C:\windows\SYSTEM32\XmlLite.dll
0x0d350000 - 0x0d39a000 	C:\Windows\System32\Windows.FileExplorer.Common.dll
0x0d3a0000 - 0x0d3ab000 	C:\windows\SYSTEM32\LINKINFO.dll
0x0dd60000 - 0x0debf000 	C:\windows\System32\DUI70.dll
0x0dec0000 - 0x0df37000 	C:\windows\System32\DUser.dll
0x0e040000 - 0x0e0c2000 	C:\Program Files (x86)\Common Files\microsoft shared\ink\tiptsf.dll
0x0d3f0000 - 0x0d40b000 	C:\windows\SYSTEM32\edputil.dll
0x13a90000 - 0x13c3a000 	C:\windows\system32\explorerframe.dll
0x13a20000 - 0x13a5c000 	C:\Windows\System32\Windows.UI.FileExplorer.dll
0x13a60000 - 0x13a6d000 	C:\windows\SYSTEM32\atlthunk.dll
0x14080000 - 0x14101000 	C:\windows\System32\StructuredQuery.dll
0x162b0000 - 0x16343000 	C:\Windows\System32\Windows.StateRepositoryPS.dll
0x16850000 - 0x168ed000 	C:\windows\system32\Windows.Storage.Search.dll

VM Arguments:
jvm_args: -Djava.library.path=C:\Program Files (x86)\Common Files\CODA\router\11.200 -Dcom.coda.configuration=native -Dcom.coda.configuration.context=xmlwin32 version=1.5 -Duser.language
java_command: <unknown>
Launcher Type: generic

Environment Variables:
PATH=C:\Program Files (x86)\Microsoft Office\Office14\;C:\oracle\product\10.2.0\client_1\bin;C:\windows\system32;C:\windows;C:\windows\System32\Wbem;C:\windows\System32\WindowsPowerShell\v1.0\;C:\windows\System32\OpenSSH\;C:\Program Files (x86)\CODA\CODA-Office\Core;C:\Users\rpa\AppData\Local\Microsoft\WindowsApps;
USERNAME=rpa
OS=Windows_NT
PROCESSOR_IDENTIFIER=Intel64 Family 6 Model 158 Stepping 10, GenuineIntel



---------------  S Y S T E M  ---------------

OS: Windows NT 6.2 Build 9200 

CPU:total 6 (cores per cpu 8, threads per core 2) family 6 model 14 stepping 10, cmov, cx8, fxsr, mmx, sse, sse2, ht

Memory: 4k page, physical 2097151k(2097151k free), swap 4194303k(4194303k free)

vm_info: Java HotSpot(TM) Client VM (1.5.0_16-b02) for windows-x86, built on May 28 2008 01:04:49 by "java_re" with MS VC++ 6.0

