#
# An unexpected error has been detected by HotSpot Virtual Machine:
#
#  Internal Error (0xe0000002), pid=22932, tid=17104
#
# Java VM: Java HotSpot(TM) Client VM (1.5.0_16-b02 mixed mode)
# Problematic frame:
# C  [KERNELBASE.dll+0x129ab2]
#

---------------  T H R E A D  ---------------

Current thread (0x137f7fa8):  JavaThread "Thread-11" [_thread_in_native, id=17104]

siginfo: ExceptionCode=0xe0000002

Registers:
EAX=0x01350f98, EBX=0x0db0c9b0, ECX=0x00000000, EDX=0x77a53990
ESP=0x01350f98, EBP=0x01350ff0, ESI=0xffffffff, EDI=0x01351048
EIP=0x774e9ab2, EFLAGS=0x00200246

Top of Stack: (sp=0x01350f98)
0x01350f98:   e0000002 00000000 00000000 774e9ab2
0x01350fa8:   00000000 19a6cc1a 19a6cc2d 137f8177
0x01350fb8:   1cd1006c 00000001 20213ac8 137f7fa8
0x01350fc8:   199d7ce8 20213ad6 00000040 19991e1c
0x01350fd8:   137f8178 01351014 01351014 19a25e02
0x01350fe8:   1cc221e0 bc692091 01351060 0ed61fcf
0x01350ff8:   e0000002 00000000 00000000 00000000
0x01351008:   0ed61ff6 77a0c0fd 00000000 6c29a5bb 

Instructions: (pc=0x774e9ab2)
0x774e9aa2:   8b 00 00 83 c4 0c 8d 04 24 50 ff 15 fc c3 59 77
0x774e9ab2:   8b 4c 24 54 33 cc e8 13 4e 00 00 8b e5 5d c2 10 


Stack: [0x01260000,0x01360000),  sp=0x01350f98,  free space=963k
Native frames: (J=compiled Java code, j=interpreted, Vv=VM code, C=native code)
C  [KERNELBASE.dll+0x129ab2]
C  [mso.dll+0xc71fcf]
C  [ntdll.dll+0x739fb]
C  0x19f8cc48
C  [WS2_32.dll+0x124a0]
C  0x19f36a10
j  java.net.SocketInputStream.socketRead0(Ljava/io/FileDescriptor;[BIII)I+0
j  java.net.SocketInputStream.read([BII)I+84
j  java.io.BufferedInputStream.fill()V+175
j  java.io.BufferedInputStream.read1([BII)I+44
j  java.io.BufferedInputStream.read([BII)I+49
J  java.io.FilterInputStream.read([B)I
j  com.coda.xml.router.SimpleConnection.readResponse(Lorg/xml/sax/DocumentHandler;)V+37
j  com.coda.xml.router.Router.send(Ljava/lang/String;Lcom/coda/xml/router/Router$RouterEventProducer;Lorg/xml/sax/AttributeList;Ljava/util/Locale;Lorg/xml/sax/DocumentHandler;Z)V+345
j  com.coda.xml.router.Router.send(Ljava/lang/String;Lcom/coda/xml/router/EventProducer;Lorg/xml/sax/AttributeList;Ljava/util/Locale;Lorg/xml/sax/DocumentHandler;)V+17
v  ~StubRoutines::call_stub
C  0x199d75fa
C  0x19a2fe2c
C  0x199d74cb
C  0x199dc3ca
C  0x19135ad9
C  0x1913d4db

Java frames: (J=compiled Java code, j=interpreted, Vv=VM code)
j  java.net.SocketInputStream.socketRead0(Ljava/io/FileDescriptor;[BIII)I+0
j  java.net.SocketInputStream.read([BII)I+84
j  java.io.BufferedInputStream.fill()V+175
j  java.io.BufferedInputStream.read1([BII)I+44
j  java.io.BufferedInputStream.read([BII)I+49
J  java.io.FilterInputStream.read([B)I
j  com.coda.xml.router.SimpleConnection.readResponse(Lorg/xml/sax/DocumentHandler;)V+37
j  com.coda.xml.router.Router.send(Ljava/lang/String;Lcom/coda/xml/router/Router$RouterEventProducer;Lorg/xml/sax/AttributeList;Ljava/util/Locale;Lorg/xml/sax/DocumentHandler;Z)V+345
j  com.coda.xml.router.Router.send(Ljava/lang/String;Lcom/coda/xml/router/EventProducer;Lorg/xml/sax/AttributeList;Ljava/util/Locale;Lorg/xml/sax/DocumentHandler;)V+17
v  ~StubRoutines::call_stub

---------------  P R O C E S S  ---------------

Java Threads: ( => current thread )
=>0x137f7fa8 JavaThread "Thread-11" [_thread_in_native, id=17104]
  0x1cc85a68 JavaThread "router.reaper-coda@as13-all-ss:11200" daemon [_thread_blocked, id=8408]
  0x1cd16640 JavaThread "IdleThread" daemon [_thread_blocked, id=2212]
  0x138c7690 JavaThread "Low Memory Detector" daemon [_thread_blocked, id=9820]
  0x138c6d00 JavaThread "CompilerThread0" daemon [_thread_blocked, id=22560]
  0x138c62b8 JavaThread "Signal Dispatcher" daemon [_thread_blocked, id=20352]
  0x138bc958 JavaThread "Finalizer" daemon [_thread_blocked, id=18572]
  0x138bbf78 JavaThread "Reference Handler" daemon [_thread_blocked, id=22188]

Other Threads:
  0x138b63d0 VMThread [id=20108]
  0x1387edc0 WatcherThread [id=24508]

VM state:not at safepoint (normal execution)

VM Mutex/Monitor currently owned by a thread: None

Heap
 def new generation   total 704K, used 120K [0x20210000, 0x202d0000, 0x206f0000)
  eden space 640K,  10% used [0x20210000, 0x20220528, 0x202b0000)
  from space 64K,  86% used [0x202c0000, 0x202cdca8, 0x202d0000)
  to   space 64K,   0% used [0x202b0000, 0x202b0000, 0x202c0000)
 tenured generation   total 8424K, used 7290K [0x206f0000, 0x20f2a000, 0x24210000)
   the space 8424K,  86% used [0x206f0000, 0x20e0eb20, 0x20e0ec00, 0x20f2a000)
 compacting perm gen  total 8192K, used 3691K [0x24210000, 0x24a10000, 0x28210000)
   the space 8192K,  45% used [0x24210000, 0x245aacd8, 0x245aae00, 0x24a10000)
No shared spaces configured.

Dynamic libraries:
0x2f800000 - 0x30b7f000 	C:\Program Files (x86)\Microsoft Office\Office14\EXCEL.EXE
0x779e0000 - 0x77b83000 	C:\windows\SYSTEM32\ntdll.dll
0x76b50000 - 0x76c40000 	C:\windows\System32\KERNEL32.DLL
0x773c0000 - 0x775d4000 	C:\windows\System32\KERNELBASE.dll
0x723a0000 - 0x7243f000 	C:\windows\SYSTEM32\apphelp.dll
0x7a610000 - 0x7a861000 	C:\windows\SYSTEM32\AcGenral.dll
0x76a90000 - 0x76b4f000 	C:\windows\System32\msvcrt.dll
0x76a10000 - 0x76a85000 	C:\windows\System32\sechost.dll
0x77690000 - 0x7774a000 	C:\windows\System32\RPCRT4.dll
0x764a0000 - 0x764e5000 	C:\windows\System32\SHLWAPI.dll
0x77830000 - 0x779c6000 	C:\windows\System32\USER32.dll
0x76da0000 - 0x76db8000 	C:\windows\System32\win32u.dll
0x775e0000 - 0x77603000 	C:\windows\System32\GDI32.dll
0x76e20000 - 0x76efa000 	C:\windows\System32\gdi32full.dll
0x76f00000 - 0x76f7b000 	C:\windows\System32\msvcp_win.dll
0x77010000 - 0x77130000 	C:\windows\System32\ucrtbase.dll
0x76210000 - 0x762f3000 	C:\windows\System32\ole32.dll
0x77130000 - 0x773b1000 	C:\windows\System32\combase.dll
0x75aa0000 - 0x75b36000 	C:\windows\System32\OLEAUT32.dll
0x75c50000 - 0x76203000 	C:\windows\System32\SHELL32.dll
0x75a20000 - 0x75a9a000 	C:\windows\System32\ADVAPI32.dll
0x728a0000 - 0x72914000 	C:\windows\SYSTEM32\UxTheme.dll
0x72980000 - 0x729a8000 	C:\windows\SYSTEM32\WINMM.dll
0x734d0000 - 0x734e5000 	C:\windows\SYSTEM32\samcli.dll
0x7b3e0000 - 0x7b3f9000 	C:\windows\SYSTEM32\MSACM32.dll
0x74fd0000 - 0x74fd8000 	C:\windows\SYSTEM32\VERSION.dll
0x754f0000 - 0x75515000 	C:\windows\SYSTEM32\USERENV.dll
0x72950000 - 0x72976000 	C:\windows\SYSTEM32\dwmapi.dll
0x74fe0000 - 0x75189000 	C:\windows\SYSTEM32\urlmon.dll
0x73460000 - 0x734cd000 	C:\windows\SYSTEM32\WINSPOOL.DRV
0x73440000 - 0x73459000 	C:\windows\SYSTEM32\MPR.dll
0x73f80000 - 0x73fa8000 	C:\windows\SYSTEM32\SspiCli.dll
0x7b400000 - 0x7b41d000 	C:\windows\SYSTEM32\winmmbase.dll
0x74c10000 - 0x74e3b000 	C:\windows\SYSTEM32\iertutil.dll
0x76310000 - 0x76397000 	C:\windows\System32\shcore.dll
0x769e0000 - 0x76a05000 	C:\windows\System32\IMM32.DLL
0x7a200000 - 0x7a3ad000 	C:\Program Files (x86)\Microsoft Office\Office14\gfx.dll
0x7bd30000 - 0x7bdd3000 	C:\windows\WinSxS\x86_microsoft.vc90.crt_1fc8b3b9a1e18e3b_9.0.30729.9625_none_508ef7e4bcbbe589\MSVCR90.dll
0x751c0000 - 0x751cf000 	C:\windows\SYSTEM32\WTSAPI32.dll
0x72ad0000 - 0x72ad6000 	C:\windows\SYSTEM32\MSIMG32.dll
0x031d0000 - 0x04567000 	C:\Program Files (x86)\Microsoft Office\Office14\oart.dll
0x6ae20000 - 0x6ae74000 	C:\windows\SYSTEM32\ninput.dll
0x738d0000 - 0x73a5c000 	C:\windows\System32\tmumh\20019\AddOn\8.53.0.1046\TmUmEvt.dll
0x758a0000 - 0x758a6000 	C:\windows\System32\PSAPI.DLL
0x734f0000 - 0x73649000 	C:\windows\System32\tmumh\20019\TmMon\2.8.0.1041\tmmon.dll
0x0e0f0000 - 0x0f2a4000 	C:\Program Files (x86)\Common Files\Microsoft Shared\office14\mso.dll
0x05060000 - 0x052f8000 	C:\windows\SYSTEM32\msi.dll
0x046e0000 - 0x046f9000 	C:\windows\System32\bcrypt.dll
0x05380000 - 0x05592000 	C:\windows\WinSxS\x86_microsoft.windows.common-controls_6595b64144ccf1df_6.0.19041.488_none_11b1e5df2ffd8627\Comctl32.dll
0x05670000 - 0x05a8a000 	C:\Program Files (x86)\Common Files\Microsoft Shared\office14\Cultures\office.odf
0x05e60000 - 0x05f33000 	C:\windows\System32\MSCTF.dll
0x063b0000 - 0x06613000 	C:\Program Files (x86)\Common Files\Microsoft Shared\office14\1033\MSOINTL.DLL
0x0f2b0000 - 0x137db000 	C:\Program Files (x86)\Common Files\Microsoft Shared\office14\MSORES.DLL
0x06650000 - 0x0665f000 	C:\windows\SYSTEM32\kernel.appcore.dll
0x06660000 - 0x066bc000 	C:\windows\System32\bcryptPrimitives.dll
0x075f0000 - 0x0766e000 	C:\windows\System32\clbcatq.dll
0x07680000 - 0x0768e000 	C:\windows\system32\msimtf.dll
0x076a0000 - 0x077ef000 	C:\Program Files (x86)\Common Files\Microsoft Shared\office14\riched20.dll
0x07840000 - 0x079a7000 	C:\windows\WinSxS\x86_microsoft.windows.gdiplus_6595b64144ccf1df_1.1.19041.630_none_4294daf48a972df6\GdiPlus.dll
0x079b0000 - 0x07a02000 	C:\windows\system32\mscoree.dll
0x07ac0000 - 0x07b4d000 	C:\Windows\Microsoft.NET\Framework\v4.0.30319\mscoreei.dll
0x07a10000 - 0x07a35000 	C:\windows\SYSTEM32\srpapi.dll
0x07b50000 - 0x07c4f000 	C:\windows\System32\CRYPT32.dll
0x07a40000 - 0x07a60000 	C:\Program Files (x86)\Common Files\Microsoft Shared\OfficeSoftwareProtectionPlatform\OSPPC.DLL
0x07ef0000 - 0x07f34000 	C:\windows\SYSTEM32\POWRPROF.DLL
0x07f40000 - 0x07f4d000 	C:\windows\SYSTEM32\UMPDC.dll
0x06990000 - 0x06a4a000 	C:\windows\SYSTEM32\textinputframework.dll
0x06a50000 - 0x06cce000 	C:\windows\System32\CoreUIComponents.dll
0x07fe0000 - 0x0807b000 	C:\windows\System32\CoreMessaging.dll
0x08f90000 - 0x08ff3000 	C:\windows\System32\WS2_32.dll
0x06cd0000 - 0x06cf9000 	C:\windows\SYSTEM32\ntmarta.dll
0x090a0000 - 0x0917e000 	C:\windows\SYSTEM32\wintypes.dll
0x09280000 - 0x0988a000 	C:\windows\SYSTEM32\windows.storage.dll
0x09040000 - 0x09064000 	C:\windows\SYSTEM32\Wldp.dll
0x09890000 - 0x098cb000 	C:\windows\System32\CFGMGR32.dll
0x099d0000 - 0x09a93000 	C:\windows\system32\propsys.dll
0x09af0000 - 0x09b0d000 	C:\windows\SYSTEM32\profapi.dll
0x08a90000 - 0x08aee000 	C:\windows\System32\coml2.dll
0x08af0000 - 0x08b43000 	C:\windows\SYSTEM32\OLEACC.DLL
0x08b60000 - 0x08be8000 	C:\windows\SYSTEM32\sxs.dll
0x08dc0000 - 0x08df2000 	C:\windows\system32\dataexchange.dll
0x0a0b0000 - 0x0a290000 	C:\windows\system32\d3d11.dll
0x08e00000 - 0x08f65000 	C:\windows\system32\dcomp.dll
0x09f10000 - 0x09fd2000 	C:\windows\system32\dxgi.dll
0x0a290000 - 0x0a421000 	C:\windows\system32\twinapi.appcore.dll
0x0a930000 - 0x0a9c4000 	C:\windows\SYSTEM32\TextShaping.dll
0x0a9d0000 - 0x0ac60000 	C:\PROGRA~2\COMMON~1\MICROS~1\VBA\VBA7\VBE7.DLL
0x09fe0000 - 0x0a006000 	C:\PROGRA~2\COMMON~1\MICROS~1\VBA\VBA7\1033\VBE7INTL.DLL
0x0a790000 - 0x0a8bd000 	C:\windows\System32\FM20.DLL
0x0ac60000 - 0x0ad0f000 	C:\windows\System32\COMDLG32.dll
0x0ad10000 - 0x0ad9d000 	C:\windows\WinSxS\x86_microsoft.windows.common-controls_6595b64144ccf1df_5.82.19041.488_none_89e6152f0b32762e\COMCTL32.dll
0x0b1b0000 - 0x0b225000 	C:\Program Files (x86)\CODA\CODA-Office\Core\CODA2Office.dll
0x0b240000 - 0x0b3e0000 	C:\Program Files (x86)\CODA\CODA-Office\Core\xlCommon.dll
0x0d0e0000 - 0x0d1ec000 	C:\Program Files (x86)\CODA\CODA-Office\Core\MFC80U.DLL
0x0b3f0000 - 0x0b48b000 	C:\windows\WinSxS\x86_microsoft.vc80.crt_1fc8b3b9a1e18e3b_8.0.50727.9672_none_d08f9da24428a513\MSVCR80.dll
0x0b490000 - 0x0b4b6000 	C:\Program Files (x86)\CODA\CODA-Office\Core\JVMContainer.dll
0x0b550000 - 0x0b55a000 	C:\windows\SYSTEM32\Secur32.dll
0x0b580000 - 0x0b586000 	C:\windows\SYSTEM32\RICHED32.DLL
0x0b590000 - 0x0b5a4000 	C:\Program Files (x86)\CODA\CODA-Office\Core\xlBalanceLoader.dll
0x0d2f0000 - 0x0d35f000 	C:\Program Files (x86)\CODA\CODA-Office\Core\xlBrowseDetails.dll
0x0d3e0000 - 0x0d46b000 	C:\Program Files (x86)\CODA\CODA-Office\Core\xlBrowseReport.dll
0x0d360000 - 0x0d386000 	C:\Program Files (x86)\CODA\CODA-Office\Core\xlInput.dll
0x0cbd0000 - 0x0cc5c000 	C:\Program Files (x86)\CODA\CODA-Office\Core\xlMastersData.dll
0x0cd90000 - 0x0d003000 	C:\windows\SYSTEM32\UIAutomationCore.dll
0x0d040000 - 0x0d04a000 	C:\windows\SYSTEM32\CRYPTBASE.DLL
0x0d050000 - 0x0d097000 	C:\windows\SYSTEM32\WINSTA.dll
0x0db70000 - 0x0dbad000 	C:\Windows\System32\OneCoreCommonProxyStub.dll
0x0d390000 - 0x0d3a3000 	C:\windows\SYSTEM32\CRYPTSP.dll
0x0dcf0000 - 0x0dd1f000 	C:\windows\system32\rsaenh.dll
0x0d0c0000 - 0x0d0ca000 	C:\Program Files (x86)\Microsoft Office\Office14\msostyle.dll
0x0d5e0000 - 0x0d611000 	C:\windows\System32\netprofm.dll
0x0d620000 - 0x0d62a000 	C:\windows\System32\npmproxy.dll
0x0d630000 - 0x0d662000 	C:\windows\SYSTEM32\IPHLPAPI.DLL
0x0d670000 - 0x0d677000 	C:\windows\System32\NSI.dll
0x0d680000 - 0x0d694000 	C:\windows\SYSTEM32\dhcpcsvc6.DLL
0x0d6a0000 - 0x0d6b6000 	C:\windows\SYSTEM32\dhcpcsvc.DLL
0x0d6c0000 - 0x0d752000 	C:\windows\SYSTEM32\DNSAPI.dll
0x0df10000 - 0x0e080000 	C:\windows\SYSTEM32\WindowsCodecs.dll
0x13d80000 - 0x13dc9000 	C:\Windows\System32\thumbcache.dll
0x0d930000 - 0x0d943000 	C:\windows\system32\NetworkExplorer.dll
0x153b0000 - 0x15448000 	C:\Users\rpa\.nuget\packages\uipath\20.4.7472.17184\build\UiPath\TCapture.dll
0x15450000 - 0x154c4000 	C:\Users\rpa\.nuget\packages\uipath\20.4.7472.17184\build\UiPath\UiPathJavaBridgeV8.dll
0x154d0000 - 0x15602000 	C:\Users\rpa\.nuget\packages\uipath\20.4.7472.17184\build\UiPath\aahook.dll
0x15610000 - 0x15798000 	C:\windows\SYSTEM32\dbghelp.dll
0x139a0000 - 0x139b9000 	C:\windows\system32\DavClnt.DLL
0x0d760000 - 0x0d76a000 	C:\windows\SYSTEM32\DAVHLPR.dll
0x13b00000 - 0x13b2b000 	C:\windows\SYSTEM32\XmlLite.dll
0x13b30000 - 0x13b7a000 	C:\Windows\System32\Windows.FileExplorer.Common.dll

VM Arguments:
jvm_args: -Djava.library.path=C:\Program Files (x86)\Common Files\CODA\router\11.200 -Dcom.coda.configuration=native -Dcom.coda.configuration.context=xmlwin32 version=1.5 -Duser.language
java_command: <unknown>
Launcher Type: generic

Environment Variables:
PATH=C:\Program Files (x86)\Microsoft Office\Office14\;C:\oracle\product\10.2.0\client_1\bin;C:\windows\system32;C:\windows;C:\windows\System32\Wbem;C:\windows\System32\WindowsPowerShell\v1.0\;C:\windows\System32\OpenSSH\;C:\Program Files (x86)\CODA\CODA-Office\Core;C:\Users\rpa\AppData\Local\Microsoft\WindowsApps;
USERNAME=rpa
OS=Windows_NT
PROCESSOR_IDENTIFIER=Intel64 Family 6 Model 158 Stepping 10, GenuineIntel



---------------  S Y S T E M  ---------------

OS: Windows NT 6.2 Build 9200 

CPU:total 6 (cores per cpu 8, threads per core 2) family 6 model 14 stepping 10, cmov, cx8, fxsr, mmx, sse, sse2, ht

Memory: 4k page, physical 2097151k(2097151k free), swap 4194303k(4194303k free)

vm_info: Java HotSpot(TM) Client VM (1.5.0_16-b02) for windows-x86, built on May 28 2008 01:04:49 by "java_re" with MS VC++ 6.0

