#
# An unexpected error has been detected by HotSpot Virtual Machine:
#
#  Internal Error (0xe0000002), pid=17184, tid=20844
#
# Java VM: Java HotSpot(TM) Client VM (1.5.0_16-b02 mixed mode)
# Problematic frame:
# C  [KERNELBASE.dll+0x129ab2]
#

---------------  T H R E A D  ---------------

Current thread (0x0d0f9e20):  JavaThread "Thread-11" [_thread_in_native, id=20844]

siginfo: ExceptionCode=0xe0000002

Registers:
EAX=0x00cf0fb8, EBX=0x17e1e708, ECX=0x00000000, EDX=0x77a53990
ESP=0x00cf0fb8, EBP=0x00cf1010, ESI=0xffffffff, EDI=0x00cf1068
EIP=0x774e9ab2, EFLAGS=0x00200246

Top of Stack: (sp=0x00cf0fb8)
0x00cf0fb8:   e0000002 00000000 00000000 774e9ab2
0x00cf0fc8:   00000000 1964cc1a 1964cc2d 0d0ed3bf
0x00cf0fd8:   1c4a006c 00000001 20213ac8 0d0f9e20
0x00cf0fe8:   195b7ce8 20213ad6 00000040 19571e1c
0x00cf0ff8:   0d0ed3c0 00cf1034 00cf1034 19605e02
0x00cf1008:   1c3a5620 2405d5e1 00cf1080 0ed61fcf
0x00cf1018:   e0000002 00000000 00000000 00000000
0x00cf1028:   0ed61ff6 77a0c0fd 00000000 1eedf172 

Instructions: (pc=0x774e9ab2)
0x774e9aa2:   8b 00 00 83 c4 0c 8d 04 24 50 ff 15 fc c3 59 77
0x774e9ab2:   8b 4c 24 54 33 cc e8 13 4e 00 00 8b e5 5d c2 10 


Stack: [0x00c00000,0x00d00000),  sp=0x00cf0fb8,  free space=963k
Native frames: (J=compiled Java code, j=interpreted, Vv=VM code, C=native code)
C  [KERNELBASE.dll+0x129ab2]
C  [mso.dll+0xc71fcf]
C  [ntdll.dll+0x739fb]
C  0x1a01cc48
C  [WS2_32.dll+0x124a0]
C  0x19716a10
j  java.net.SocketInputStream.socketRead0(Ljava/io/FileDescriptor;[BIII)I+0
j  java.net.SocketInputStream.read([BII)I+84
j  java.io.BufferedInputStream.fill()V+175
j  java.io.BufferedInputStream.read1([BII)I+44
j  java.io.BufferedInputStream.read([BII)I+49
J  java.io.FilterInputStream.read([B)I
j  com.coda.xml.router.SimpleConnection.readResponse(Lorg/xml/sax/DocumentHandler;)V+37
j  com.coda.xml.router.Router.send(Ljava/lang/String;Lcom/coda/xml/router/Router$RouterEventProducer;Lorg/xml/sax/AttributeList;Ljava/util/Locale;Lorg/xml/sax/DocumentHandler;Z)V+345
j  com.coda.xml.router.Router.send(Ljava/lang/String;Lcom/coda/xml/router/EventProducer;Lorg/xml/sax/AttributeList;Ljava/util/Locale;Lorg/xml/sax/DocumentHandler;)V+17
v  ~StubRoutines::call_stub
C  0x195b75fa
C  0x1960fe2c
C  0x195b74cb
C  0x195bc3ca
C  0x192f5ad9
C  0x192fd4db

Java frames: (J=compiled Java code, j=interpreted, Vv=VM code)
j  java.net.SocketInputStream.socketRead0(Ljava/io/FileDescriptor;[BIII)I+0
j  java.net.SocketInputStream.read([BII)I+84
j  java.io.BufferedInputStream.fill()V+175
j  java.io.BufferedInputStream.read1([BII)I+44
j  java.io.BufferedInputStream.read([BII)I+49
J  java.io.FilterInputStream.read([B)I
j  com.coda.xml.router.SimpleConnection.readResponse(Lorg/xml/sax/DocumentHandler;)V+37
j  com.coda.xml.router.Router.send(Ljava/lang/String;Lcom/coda/xml/router/Router$RouterEventProducer;Lorg/xml/sax/AttributeList;Ljava/util/Locale;Lorg/xml/sax/DocumentHandler;Z)V+345
j  com.coda.xml.router.Router.send(Ljava/lang/String;Lcom/coda/xml/router/EventProducer;Lorg/xml/sax/AttributeList;Ljava/util/Locale;Lorg/xml/sax/DocumentHandler;)V+17
v  ~StubRoutines::call_stub

---------------  P R O C E S S  ---------------

Java Threads: ( => current thread )
=>0x0d0f9e20 JavaThread "Thread-11" [_thread_in_native, id=20844]
  0x1c4a5ae8 JavaThread "router.reaper-coda@as13-all-ss:11200" daemon [_thread_blocked, id=23600]
  0x1c4a5960 JavaThread "IdleThread" daemon [_thread_blocked, id=24104]
  0x0d1c75d8 JavaThread "Low Memory Detector" daemon [_thread_blocked, id=21604]
  0x0d1c6c48 JavaThread "CompilerThread0" daemon [_thread_blocked, id=20464]
  0x0d1c6200 JavaThread "Signal Dispatcher" daemon [_thread_blocked, id=20056]
  0x0d1bd100 JavaThread "Finalizer" daemon [_thread_blocked, id=12152]
  0x0d1bc778 JavaThread "Reference Handler" daemon [_thread_blocked, id=24016]

Other Threads:
  0x0d1689a0 VMThread [id=19708]
  0x0d168a48 WatcherThread [id=20488]

VM state:not at safepoint (normal execution)

VM Mutex/Monitor currently owned by a thread: None

Heap
 def new generation   total 704K, used 120K [0x20210000, 0x202d0000, 0x206f0000)
  eden space 640K,  10% used [0x20210000, 0x20220528, 0x202b0000)
  from space 64K,  86% used [0x202c0000, 0x202cdca8, 0x202d0000)
  to   space 64K,   0% used [0x202b0000, 0x202b0000, 0x202c0000)
 tenured generation   total 8424K, used 7290K [0x206f0000, 0x20f2a000, 0x24210000)
   the space 8424K,  86% used [0x206f0000, 0x20e0eb20, 0x20e0ec00, 0x20f2a000)
 compacting perm gen  total 8192K, used 3691K [0x24210000, 0x24a10000, 0x28210000)
   the space 8192K,  45% used [0x24210000, 0x245aacd8, 0x245aae00, 0x24a10000)
No shared spaces configured.

Dynamic libraries:
0x2f900000 - 0x30c7f000 	C:\Program Files (x86)\Microsoft Office\Office14\EXCEL.EXE
0x779e0000 - 0x77b83000 	C:\windows\SYSTEM32\ntdll.dll
0x76b50000 - 0x76c40000 	C:\windows\System32\KERNEL32.DLL
0x773c0000 - 0x775d4000 	C:\windows\System32\KERNELBASE.dll
0x723a0000 - 0x7243f000 	C:\windows\SYSTEM32\apphelp.dll
0x7b5a0000 - 0x7b7f1000 	C:\windows\SYSTEM32\AcGenral.dll
0x76a90000 - 0x76b4f000 	C:\windows\System32\msvcrt.dll
0x76a10000 - 0x76a85000 	C:\windows\System32\sechost.dll
0x77690000 - 0x7774a000 	C:\windows\System32\RPCRT4.dll
0x764a0000 - 0x764e5000 	C:\windows\System32\SHLWAPI.dll
0x77830000 - 0x779c6000 	C:\windows\System32\USER32.dll
0x76da0000 - 0x76db8000 	C:\windows\System32\win32u.dll
0x775e0000 - 0x77603000 	C:\windows\System32\GDI32.dll
0x76e20000 - 0x76efa000 	C:\windows\System32\gdi32full.dll
0x76f00000 - 0x76f7b000 	C:\windows\System32\msvcp_win.dll
0x77010000 - 0x77130000 	C:\windows\System32\ucrtbase.dll
0x76210000 - 0x762f3000 	C:\windows\System32\ole32.dll
0x77130000 - 0x773b1000 	C:\windows\System32\combase.dll
0x75aa0000 - 0x75b36000 	C:\windows\System32\OLEAUT32.dll
0x75c50000 - 0x76203000 	C:\windows\System32\SHELL32.dll
0x75a20000 - 0x75a9a000 	C:\windows\System32\ADVAPI32.dll
0x728a0000 - 0x72914000 	C:\windows\SYSTEM32\UxTheme.dll
0x72980000 - 0x729a8000 	C:\windows\SYSTEM32\WINMM.dll
0x734d0000 - 0x734e5000 	C:\windows\SYSTEM32\samcli.dll
0x7a270000 - 0x7a289000 	C:\windows\SYSTEM32\MSACM32.dll
0x74fd0000 - 0x74fd8000 	C:\windows\SYSTEM32\VERSION.dll
0x754f0000 - 0x75515000 	C:\windows\SYSTEM32\USERENV.dll
0x72950000 - 0x72976000 	C:\windows\SYSTEM32\dwmapi.dll
0x74fe0000 - 0x75189000 	C:\windows\SYSTEM32\urlmon.dll
0x73460000 - 0x734cd000 	C:\windows\SYSTEM32\WINSPOOL.DRV
0x73440000 - 0x73459000 	C:\windows\SYSTEM32\MPR.dll
0x73f80000 - 0x73fa8000 	C:\windows\SYSTEM32\SspiCli.dll
0x7a290000 - 0x7a2ad000 	C:\windows\SYSTEM32\winmmbase.dll
0x74c10000 - 0x74e3b000 	C:\windows\SYSTEM32\iertutil.dll
0x76310000 - 0x76397000 	C:\windows\System32\shcore.dll
0x769e0000 - 0x76a05000 	C:\windows\System32\IMM32.DLL
0x7ac40000 - 0x7aded000 	C:\Program Files (x86)\Microsoft Office\Office14\gfx.dll
0x7b820000 - 0x7b8c3000 	C:\windows\WinSxS\x86_microsoft.vc90.crt_1fc8b3b9a1e18e3b_9.0.30729.9625_none_508ef7e4bcbbe589\MSVCR90.dll
0x72ad0000 - 0x72ad6000 	C:\windows\SYSTEM32\MSIMG32.dll
0x751c0000 - 0x751cf000 	C:\windows\SYSTEM32\WTSAPI32.dll
0x02c20000 - 0x03fb7000 	C:\Program Files (x86)\Microsoft Office\Office14\oart.dll
0x7c500000 - 0x7c554000 	C:\windows\SYSTEM32\ninput.dll
0x738d0000 - 0x73a5c000 	C:\windows\System32\tmumh\20019\AddOn\8.53.0.1046\TmUmEvt.dll
0x758a0000 - 0x758a6000 	C:\windows\System32\PSAPI.DLL
0x734f0000 - 0x73649000 	C:\windows\System32\tmumh\20019\TmMon\2.8.0.1041\tmmon.dll
0x0e0f0000 - 0x0f2a4000 	C:\Program Files (x86)\Common Files\Microsoft Shared\office14\mso.dll
0x04940000 - 0x04bd8000 	C:\windows\SYSTEM32\msi.dll
0x04bf0000 - 0x04c09000 	C:\windows\System32\bcrypt.dll
0x04cc0000 - 0x04ed2000 	C:\windows\WinSxS\x86_microsoft.windows.common-controls_6595b64144ccf1df_6.0.19041.488_none_11b1e5df2ffd8627\Comctl32.dll
0x05060000 - 0x0547a000 	C:\Program Files (x86)\Common Files\Microsoft Shared\office14\Cultures\office.odf
0x057b0000 - 0x05883000 	C:\windows\System32\MSCTF.dll
0x05bd0000 - 0x05e33000 	C:\Program Files (x86)\Common Files\Microsoft Shared\office14\1033\MSOINTL.DLL
0x0f2b0000 - 0x137db000 	C:\Program Files (x86)\Common Files\Microsoft Shared\office14\MSORES.DLL
0x05f90000 - 0x05f9f000 	C:\windows\SYSTEM32\kernel.appcore.dll
0x05fa0000 - 0x05ffc000 	C:\windows\System32\bcryptPrimitives.dll
0x06f30000 - 0x06fae000 	C:\windows\System32\clbcatq.dll
0x06fc0000 - 0x06fce000 	C:\windows\system32\msimtf.dll
0x07080000 - 0x071cf000 	C:\Program Files (x86)\Common Files\Microsoft Shared\office14\riched20.dll
0x07320000 - 0x07487000 	C:\windows\WinSxS\x86_microsoft.windows.gdiplus_6595b64144ccf1df_1.1.19041.630_none_4294daf48a972df6\GdiPlus.dll
0x071d0000 - 0x07222000 	C:\windows\system32\mscoree.dll
0x07c90000 - 0x07d1d000 	C:\Windows\Microsoft.NET\Framework\v4.0.30319\mscoreei.dll
0x07010000 - 0x07035000 	C:\windows\SYSTEM32\srpapi.dll
0x07d20000 - 0x07e1f000 	C:\windows\System32\CRYPT32.dll
0x07050000 - 0x07070000 	C:\Program Files (x86)\Common Files\Microsoft Shared\OfficeSoftwareProtectionPlatform\OSPPC.DLL
0x08090000 - 0x080d4000 	C:\windows\SYSTEM32\POWRPROF.DLL
0x06180000 - 0x0618d000 	C:\windows\SYSTEM32\UMPDC.dll
0x06580000 - 0x0663a000 	C:\windows\SYSTEM32\textinputframework.dll
0x085e0000 - 0x0885e000 	C:\windows\System32\CoreUIComponents.dll
0x08860000 - 0x088fb000 	C:\windows\System32\CoreMessaging.dll
0x08900000 - 0x08963000 	C:\windows\System32\WS2_32.dll
0x06640000 - 0x06669000 	C:\windows\SYSTEM32\ntmarta.dll
0x08970000 - 0x08a4e000 	C:\windows\SYSTEM32\wintypes.dll
0x08b90000 - 0x08be3000 	C:\windows\SYSTEM32\OLEACC.DLL
0x08bf0000 - 0x08c78000 	C:\windows\SYSTEM32\sxs.dll
0x090a0000 - 0x096aa000 	C:\windows\SYSTEM32\windows.storage.dll
0x080e0000 - 0x08104000 	C:\windows\SYSTEM32\Wldp.dll
0x08110000 - 0x0814b000 	C:\windows\System32\CFGMGR32.dll
0x08150000 - 0x08213000 	C:\windows\system32\propsys.dll
0x08270000 - 0x0828d000 	C:\windows\SYSTEM32\profapi.dll
0x08290000 - 0x082ee000 	C:\windows\System32\coml2.dll
0x096b0000 - 0x096e2000 	C:\windows\system32\dataexchange.dll
0x096f0000 - 0x098d0000 	C:\windows\system32\d3d11.dll
0x098d0000 - 0x09a35000 	C:\windows\system32\dcomp.dll
0x09a40000 - 0x09b02000 	C:\windows\system32\dxgi.dll
0x09b10000 - 0x09ca1000 	C:\windows\system32\twinapi.appcore.dll
0x09cb0000 - 0x09d44000 	C:\windows\SYSTEM32\TextShaping.dll
0x09d50000 - 0x09fe0000 	C:\PROGRA~2\COMMON~1\MICROS~1\VBA\VBA7\VBE7.DLL
0x09fe0000 - 0x0a006000 	C:\PROGRA~2\COMMON~1\MICROS~1\VBA\VBA7\1033\VBE7INTL.DLL
0x0a910000 - 0x0aa3d000 	C:\windows\System32\FM20.DLL
0x0aa40000 - 0x0aaef000 	C:\windows\System32\COMDLG32.dll
0x0aaf0000 - 0x0ab7d000 	C:\windows\WinSxS\x86_microsoft.windows.common-controls_6595b64144ccf1df_5.82.19041.488_none_89e6152f0b32762e\COMCTL32.dll
0x0b590000 - 0x0b605000 	C:\Program Files (x86)\CODA\CODA-Office\Core\CODA2Office.dll
0x0b620000 - 0x0b7c0000 	C:\Program Files (x86)\CODA\CODA-Office\Core\xlCommon.dll
0x0b7d0000 - 0x0b8dc000 	C:\Program Files (x86)\CODA\CODA-Office\Core\MFC80U.DLL
0x0b8e0000 - 0x0b97b000 	C:\windows\WinSxS\x86_microsoft.vc80.crt_1fc8b3b9a1e18e3b_8.0.50727.9672_none_d08f9da24428a513\MSVCR80.dll
0x0b980000 - 0x0b9a6000 	C:\Program Files (x86)\CODA\CODA-Office\Core\JVMContainer.dll
0x0bec0000 - 0x0beca000 	C:\windows\SYSTEM32\Secur32.dll
0x0bef0000 - 0x0bef6000 	C:\windows\SYSTEM32\RICHED32.DLL
0x0bf00000 - 0x0bf14000 	C:\Program Files (x86)\CODA\CODA-Office\Core\xlBalanceLoader.dll
0x0c4d0000 - 0x0c53f000 	C:\Program Files (x86)\CODA\CODA-Office\Core\xlBrowseDetails.dll
0x0c560000 - 0x0c5eb000 	C:\Program Files (x86)\CODA\CODA-Office\Core\xlBrowseReport.dll
0x0c610000 - 0x0c636000 	C:\Program Files (x86)\CODA\CODA-Office\Core\xlInput.dll
0x0c660000 - 0x0c6ec000 	C:\Program Files (x86)\CODA\CODA-Office\Core\xlMastersData.dll
0x0d5e0000 - 0x0d853000 	C:\windows\SYSTEM32\UIAutomationCore.dll
0x0c840000 - 0x0c84a000 	C:\windows\SYSTEM32\CRYPTBASE.DLL
0x0c850000 - 0x0c897000 	C:\windows\SYSTEM32\WINSTA.dll
0x0c8a0000 - 0x0c8dd000 	C:\Windows\System32\OneCoreCommonProxyStub.dll
0x0c950000 - 0x0c963000 	C:\windows\SYSTEM32\CRYPTSP.dll
0x0c970000 - 0x0c99f000 	C:\windows\system32\rsaenh.dll
0x0c9a0000 - 0x0c9aa000 	C:\Program Files (x86)\Microsoft Office\Office14\msostyle.dll
0x0d050000 - 0x0d081000 	C:\windows\System32\netprofm.dll
0x0d090000 - 0x0d09a000 	C:\windows\System32\npmproxy.dll
0x0d320000 - 0x0d352000 	C:\windows\SYSTEM32\IPHLPAPI.DLL
0x0d0a0000 - 0x0d0a7000 	C:\windows\System32\NSI.dll
0x0d0b0000 - 0x0d0c4000 	C:\windows\SYSTEM32\dhcpcsvc6.DLL
0x0d360000 - 0x0d376000 	C:\windows\SYSTEM32\dhcpcsvc.DLL
0x0d380000 - 0x0d412000 	C:\windows\SYSTEM32\DNSAPI.dll
0x15450000 - 0x155c0000 	C:\windows\SYSTEM32\WindowsCodecs.dll
0x15710000 - 0x15759000 	C:\Windows\System32\thumbcache.dll
0x15970000 - 0x159f3000 	C:\windows\SYSTEM32\policymanager.dll
0x15a00000 - 0x15a65000 	C:\windows\SYSTEM32\msvcp110_win.dll
0x13b80000 - 0x13c18000 	C:\Users\rpa\.nuget\packages\uipath\20.4.7472.17184\build\UiPath\TCapture.dll
0x13c30000 - 0x13ca4000 	C:\Users\rpa\.nuget\packages\uipath\20.4.7472.17184\build\UiPath\UiPathJavaBridgeV8.dll
0x13cc0000 - 0x13df2000 	C:\Users\rpa\.nuget\packages\uipath\20.4.7472.17184\build\UiPath\aahook.dll
0x13e10000 - 0x13f98000 	C:\windows\SYSTEM32\dbghelp.dll
0x13890000 - 0x138a3000 	C:\windows\system32\NetworkExplorer.dll
0x138b0000 - 0x138c9000 	C:\windows\system32\DavClnt.DLL
0x138d0000 - 0x138da000 	C:\windows\SYSTEM32\DAVHLPR.dll

VM Arguments:
jvm_args: -Djava.library.path=C:\Program Files (x86)\Common Files\CODA\router\11.200 -Dcom.coda.configuration=native -Dcom.coda.configuration.context=xmlwin32 version=1.5 -Duser.language
java_command: <unknown>
Launcher Type: generic

Environment Variables:
PATH=C:\Program Files (x86)\Microsoft Office\Office14\;C:\oracle\product\10.2.0\client_1\bin;C:\windows\system32;C:\windows;C:\windows\System32\Wbem;C:\windows\System32\WindowsPowerShell\v1.0\;C:\windows\System32\OpenSSH\;C:\Program Files (x86)\CODA\CODA-Office\Core;C:\Users\rpa\AppData\Local\Microsoft\WindowsApps;
USERNAME=rpa
OS=Windows_NT
PROCESSOR_IDENTIFIER=Intel64 Family 6 Model 158 Stepping 10, GenuineIntel



---------------  S Y S T E M  ---------------

OS: Windows NT 6.2 Build 9200 

CPU:total 6 (cores per cpu 8, threads per core 2) family 6 model 14 stepping 10, cmov, cx8, fxsr, mmx, sse, sse2, ht

Memory: 4k page, physical 2097151k(2097151k free), swap 4194303k(4194303k free)

vm_info: Java HotSpot(TM) Client VM (1.5.0_16-b02) for windows-x86, built on May 28 2008 01:04:49 by "java_re" with MS VC++ 6.0

