#
# An unexpected error has been detected by HotSpot Virtual Machine:
#
#  Internal Error (0xe0000002), pid=11140, tid=13796
#
# Java VM: Java HotSpot(TM) Client VM (1.5.0_16-b02 mixed mode)
# Problematic frame:
# C  [KERNELBASE.dll+0x129ab2]
#

---------------  T H R E A D  ---------------

Current thread (0x0bc53b90):  JavaThread "Thread-15" [_thread_in_native, id=13796]

siginfo: ExceptionCode=0xe0000002

Registers:
EAX=0x00760ed8, EBX=0x169734f0, ECX=0x00000000, EDX=0x77a53990
ESP=0x00760ed8, EBP=0x00760f30, ESI=0xffffffff, EDI=0x00760f88
EIP=0x774e9ab2, EFLAGS=0x00200246

Top of Stack: (sp=0x00760ed8)
0x00760ed8:   e0000002 00000000 00000000 774e9ab2
0x00760ee8:   00000000 17d4cc1a 17d4cc2d 0bc5863f
0x00760ef8:   1a98006c 00000001 2029f4f8 0bc53b90
0x00760f08:   17cb7ce8 2029f506 00000040 17c71e1c
0x00760f18:   0bc58640 00760f54 00760f54 17d05e02
0x00760f28:   1a882b98 c1fd7bda 00760fa0 0ed2aaf9
0x00760f38:   e0000002 00000000 00000000 00000000
0x00760f48:   0ed2ab20 77a0c0fd 00000000 26e6c5bc 

Instructions: (pc=0x774e9ab2)
0x774e9aa2:   8b 00 00 83 c4 0c 8d 04 24 50 ff 15 fc c3 59 77
0x774e9ab2:   8b 4c 24 54 33 cc e8 13 4e 00 00 8b e5 5d c2 10 


Stack: [0x00670000,0x00770000),  sp=0x00760ed8,  free space=963k
Native frames: (J=compiled Java code, j=interpreted, Vv=VM code, C=native code)
C  [KERNELBASE.dll+0x129ab2]
C  [mso.dll+0xc3aaf9]
C  [ntdll.dll+0x739fb]
C  0x1aa8cc48
C  [WS2_32.dll+0x124a0]
C  0x1aa56a10
j  java.net.SocketInputStream.socketRead0(Ljava/io/FileDescriptor;[BIII)I+0
j  java.net.SocketInputStream.read([BII)I+84
j  java.io.BufferedInputStream.fill()V+175
j  java.io.BufferedInputStream.read1([BII)I+44
j  java.io.BufferedInputStream.read([BII)I+49
J  java.io.FilterInputStream.read([B)I
j  com.coda.xml.router.SimpleConnection.readResponse(Lorg/xml/sax/DocumentHandler;)V+37
j  com.coda.xml.router.Router.send(Ljava/lang/String;Lcom/coda/xml/router/Router$RouterEventProducer;Lorg/xml/sax/AttributeList;Ljava/util/Locale;Lorg/xml/sax/DocumentHandler;Z)V+345
j  com.coda.xml.router.Router.send(Ljava/lang/String;Lcom/coda/xml/router/EventProducer;Lorg/xml/sax/AttributeList;Ljava/util/Locale;Lorg/xml/sax/DocumentHandler;)V+17
v  ~StubRoutines::call_stub
C  0x17cb75fa
C  0x17d0fe2c
C  0x17cb74cb
C  0x17cbc3ca
C  0x178b5ad9
C  0x178bd4db

Java frames: (J=compiled Java code, j=interpreted, Vv=VM code)
j  java.net.SocketInputStream.socketRead0(Ljava/io/FileDescriptor;[BIII)I+0
j  java.net.SocketInputStream.read([BII)I+84
j  java.io.BufferedInputStream.fill()V+175
j  java.io.BufferedInputStream.read1([BII)I+44
j  java.io.BufferedInputStream.read([BII)I+49
J  java.io.FilterInputStream.read([B)I
j  com.coda.xml.router.SimpleConnection.readResponse(Lorg/xml/sax/DocumentHandler;)V+37
j  com.coda.xml.router.Router.send(Ljava/lang/String;Lcom/coda/xml/router/Router$RouterEventProducer;Lorg/xml/sax/AttributeList;Ljava/util/Locale;Lorg/xml/sax/DocumentHandler;Z)V+345
j  com.coda.xml.router.Router.send(Ljava/lang/String;Lcom/coda/xml/router/EventProducer;Lorg/xml/sax/AttributeList;Ljava/util/Locale;Lorg/xml/sax/DocumentHandler;)V+17
v  ~StubRoutines::call_stub

---------------  P R O C E S S  ---------------

Java Threads: ( => current thread )
=>0x0bc53b90 JavaThread "Thread-15" [_thread_in_native, id=13796]
  0x1a8f7788 JavaThread "router.reaper-coda@as13-all-ss:11200" daemon [_thread_blocked, id=16712]
  0x1a8f7600 JavaThread "IdleThread" daemon [_thread_blocked, id=20380]
  0x0bd27260 JavaThread "Low Memory Detector" daemon [_thread_blocked, id=18880]
  0x0bd268d0 JavaThread "CompilerThread0" daemon [_thread_blocked, id=21404]
  0x0bd25e88 JavaThread "Signal Dispatcher" daemon [_thread_blocked, id=19444]
  0x0bd1cd88 JavaThread "Finalizer" daemon [_thread_blocked, id=13216]
  0x0bd1c400 JavaThread "Reference Handler" daemon [_thread_blocked, id=10904]

Other Threads:
  0x0bd16858 VMThread [id=18648]
  0x0bcddd20 WatcherThread [id=16844]

VM state:not at safepoint (normal execution)

VM Mutex/Monitor currently owned by a thread: None

Heap
 def new generation   total 704K, used 682K [0x20210000, 0x202d0000, 0x206f0000)
  eden space 640K,  97% used [0x20210000, 0x202abea8, 0x202b0000)
  from space 64K,  91% used [0x202c0000, 0x202ceb60, 0x202d0000)
  to   space 64K,   0% used [0x202b0000, 0x202b0000, 0x202c0000)
 tenured generation   total 8424K, used 7257K [0x206f0000, 0x20f2a000, 0x24210000)
   the space 8424K,  86% used [0x206f0000, 0x20e065d0, 0x20e06600, 0x20f2a000)
 compacting perm gen  total 8192K, used 3691K [0x24210000, 0x24a10000, 0x28210000)
   the space 8192K,  45% used [0x24210000, 0x245aad60, 0x245aae00, 0x24a10000)
No shared spaces configured.

Dynamic libraries:
0x2f330000 - 0x306b0000 	C:\Program Files (x86)\Microsoft Office\Office14\EXCEL.EXE
0x779e0000 - 0x77b83000 	C:\windows\SYSTEM32\ntdll.dll
0x76b50000 - 0x76c40000 	C:\windows\System32\KERNEL32.DLL
0x773c0000 - 0x775d4000 	C:\windows\System32\KERNELBASE.dll
0x723a0000 - 0x7243f000 	C:\windows\SYSTEM32\apphelp.dll
0x7a850000 - 0x7aaa1000 	C:\windows\SYSTEM32\AcGenral.dll
0x76a90000 - 0x76b4f000 	C:\windows\System32\msvcrt.dll
0x76a10000 - 0x76a85000 	C:\windows\System32\sechost.dll
0x77690000 - 0x7774a000 	C:\windows\System32\RPCRT4.dll
0x764a0000 - 0x764e5000 	C:\windows\System32\SHLWAPI.dll
0x77830000 - 0x779c6000 	C:\windows\System32\USER32.dll
0x76da0000 - 0x76db8000 	C:\windows\System32\win32u.dll
0x775e0000 - 0x77603000 	C:\windows\System32\GDI32.dll
0x76e20000 - 0x76efa000 	C:\windows\System32\gdi32full.dll
0x76f00000 - 0x76f7b000 	C:\windows\System32\msvcp_win.dll
0x77010000 - 0x77130000 	C:\windows\System32\ucrtbase.dll
0x76210000 - 0x762f3000 	C:\windows\System32\ole32.dll
0x77130000 - 0x773b1000 	C:\windows\System32\combase.dll
0x75aa0000 - 0x75b36000 	C:\windows\System32\OLEAUT32.dll
0x75c50000 - 0x76203000 	C:\windows\System32\SHELL32.dll
0x75a20000 - 0x75a9a000 	C:\windows\System32\ADVAPI32.dll
0x728a0000 - 0x72914000 	C:\windows\SYSTEM32\UxTheme.dll
0x72980000 - 0x729a8000 	C:\windows\SYSTEM32\WINMM.dll
0x734d0000 - 0x734e5000 	C:\windows\SYSTEM32\samcli.dll
0x7aab0000 - 0x7aac9000 	C:\windows\SYSTEM32\MSACM32.dll
0x74fd0000 - 0x74fd8000 	C:\windows\SYSTEM32\VERSION.dll
0x754f0000 - 0x75515000 	C:\windows\SYSTEM32\USERENV.dll
0x72950000 - 0x72976000 	C:\windows\SYSTEM32\dwmapi.dll
0x74fe0000 - 0x75189000 	C:\windows\SYSTEM32\urlmon.dll
0x73460000 - 0x734cd000 	C:\windows\SYSTEM32\WINSPOOL.DRV
0x73440000 - 0x73459000 	C:\windows\SYSTEM32\MPR.dll
0x73f80000 - 0x73fa8000 	C:\windows\SYSTEM32\SspiCli.dll
0x7aad0000 - 0x7aaed000 	C:\windows\SYSTEM32\winmmbase.dll
0x74c10000 - 0x74e3b000 	C:\windows\SYSTEM32\iertutil.dll
0x76310000 - 0x76397000 	C:\windows\System32\shcore.dll
0x769e0000 - 0x76a05000 	C:\windows\System32\IMM32.DLL
0x7c040000 - 0x7c0e3000 	C:\windows\WinSxS\x86_microsoft.vc90.crt_1fc8b3b9a1e18e3b_9.0.30729.9625_none_508ef7e4bcbbe589\MSVCR90.dll
0x7aaf0000 - 0x7ac9d000 	C:\Program Files (x86)\Microsoft Office\Office14\gfx.dll
0x72ad0000 - 0x72ad6000 	C:\windows\SYSTEM32\MSIMG32.dll
0x751c0000 - 0x751cf000 	C:\windows\SYSTEM32\WTSAPI32.dll
0x7aca0000 - 0x7c037000 	C:\Program Files (x86)\Microsoft Office\Office14\oart.dll
0x009f0000 - 0x00a44000 	C:\windows\SYSTEM32\ninput.dll
0x738d0000 - 0x73a5c000 	C:\windows\System32\tmumh\20019\AddOn\8.53.0.1046\TmUmEvt.dll
0x758a0000 - 0x758a6000 	C:\windows\System32\PSAPI.DLL
0x734f0000 - 0x73649000 	C:\windows\System32\tmumh\20019\TmMon\2.8.0.1041\tmmon.dll
0x0e0f0000 - 0x0f281000 	C:\Program Files (x86)\Common Files\Microsoft Shared\office14\mso.dll
0x030c0000 - 0x03358000 	C:\windows\SYSTEM32\msi.dll
0x03370000 - 0x03389000 	C:\windows\System32\bcrypt.dll
0x03440000 - 0x03652000 	C:\windows\WinSxS\x86_microsoft.windows.common-controls_6595b64144ccf1df_6.0.19041.488_none_11b1e5df2ffd8627\Comctl32.dll
0x03730000 - 0x03b4a000 	C:\Program Files (x86)\Common Files\Microsoft Shared\office14\Cultures\office.odf
0x03f20000 - 0x03ff3000 	C:\windows\System32\MSCTF.dll
0x04390000 - 0x045f3000 	C:\Program Files (x86)\Common Files\Microsoft Shared\office14\1033\MSOINTL.DLL
0x0f290000 - 0x137bb000 	C:\Program Files (x86)\Common Files\Microsoft Shared\office14\MSORES.DLL
0x04710000 - 0x0471f000 	C:\windows\SYSTEM32\kernel.appcore.dll
0x04720000 - 0x0477c000 	C:\windows\System32\bcryptPrimitives.dll
0x056b0000 - 0x0572e000 	C:\windows\System32\clbcatq.dll
0x04900000 - 0x0490e000 	C:\windows\system32\msimtf.dll
0x04920000 - 0x04a6f000 	C:\Program Files (x86)\Common Files\Microsoft Shared\office14\riched20.dll
0x04b40000 - 0x04ca7000 	C:\windows\WinSxS\x86_microsoft.windows.gdiplus_6595b64144ccf1df_1.1.19041.630_none_4294daf48a972df6\GdiPlus.dll
0x04aa0000 - 0x04af2000 	C:\windows\system32\mscoree.dll
0x04cb0000 - 0x04d3d000 	C:\Windows\Microsoft.NET\Framework\v4.0.30319\mscoreei.dll
0x04d40000 - 0x04d65000 	C:\windows\SYSTEM32\srpapi.dll
0x05730000 - 0x0582f000 	C:\windows\System32\CRYPT32.dll
0x04b00000 - 0x04b20000 	C:\Program Files (x86)\Common Files\Microsoft Shared\OfficeSoftwareProtectionPlatform\OSPPC.DLL
0x05ff0000 - 0x06034000 	C:\windows\SYSTEM32\POWRPROF.DLL
0x04de0000 - 0x04ded000 	C:\windows\SYSTEM32\UMPDC.dll
0x06c10000 - 0x06cca000 	C:\windows\SYSTEM32\textinputframework.dll
0x06cd0000 - 0x06f4e000 	C:\windows\System32\CoreUIComponents.dll
0x06f50000 - 0x06feb000 	C:\windows\System32\CoreMessaging.dll
0x06ff0000 - 0x07053000 	C:\windows\System32\WS2_32.dll
0x07080000 - 0x070a9000 	C:\windows\SYSTEM32\ntmarta.dll
0x070b0000 - 0x0718e000 	C:\windows\SYSTEM32\wintypes.dll
0x07190000 - 0x0779a000 	C:\windows\SYSTEM32\windows.storage.dll
0x05a30000 - 0x05a54000 	C:\windows\SYSTEM32\Wldp.dll
0x05a70000 - 0x05aab000 	C:\windows\System32\CFGMGR32.dll
0x05bb0000 - 0x05c73000 	C:\windows\system32\propsys.dll
0x05cf0000 - 0x05d0d000 	C:\windows\SYSTEM32\profapi.dll
0x05d10000 - 0x05d6e000 	C:\windows\System32\coml2.dll
0x05d70000 - 0x05dc3000 	C:\windows\SYSTEM32\OLEACC.DLL
0x077a0000 - 0x07828000 	C:\windows\SYSTEM32\sxs.dll
0x07df0000 - 0x07e22000 	C:\windows\system32\dataexchange.dll
0x07e30000 - 0x08010000 	C:\windows\system32\d3d11.dll
0x08090000 - 0x081f5000 	C:\windows\system32\dcomp.dll
0x08200000 - 0x082c2000 	C:\windows\system32\dxgi.dll
0x082d0000 - 0x08461000 	C:\windows\system32\twinapi.appcore.dll
0x08970000 - 0x08a04000 	C:\windows\SYSTEM32\TextShaping.dll
0x08470000 - 0x08700000 	C:\PROGRA~2\COMMON~1\MICROS~1\VBA\VBA7\VBE7.DLL
0x08030000 - 0x08056000 	C:\PROGRA~2\COMMON~1\MICROS~1\VBA\VBA7\1033\VBE7INTL.DLL
0x08b90000 - 0x08cbd000 	C:\windows\System32\FM20.DLL
0x08cc0000 - 0x08d6f000 	C:\windows\System32\COMDLG32.dll
0x08d70000 - 0x08dfd000 	C:\windows\WinSxS\x86_microsoft.windows.common-controls_6595b64144ccf1df_5.82.19041.488_none_89e6152f0b32762e\COMCTL32.dll
0x09430000 - 0x094a5000 	C:\Program Files (x86)\CODA\CODA-Office\Core\CODA2Office.dll
0x094c0000 - 0x09660000 	C:\Program Files (x86)\CODA\CODA-Office\Core\xlCommon.dll
0x0ab30000 - 0x0ac3c000 	C:\Program Files (x86)\CODA\CODA-Office\Core\MFC80U.DLL
0x09670000 - 0x0970b000 	C:\windows\WinSxS\x86_microsoft.vc80.crt_1fc8b3b9a1e18e3b_8.0.50727.9672_none_d08f9da24428a513\MSVCR80.dll
0x09710000 - 0x09736000 	C:\Program Files (x86)\CODA\CODA-Office\Core\JVMContainer.dll
0x09750000 - 0x0975a000 	C:\windows\SYSTEM32\Secur32.dll
0x0a090000 - 0x0a096000 	C:\windows\SYSTEM32\RICHED32.DLL
0x0a0b0000 - 0x0a0c4000 	C:\Program Files (x86)\CODA\CODA-Office\Core\xlBalanceLoader.dll
0x0a530000 - 0x0a59f000 	C:\Program Files (x86)\CODA\CODA-Office\Core\xlBrowseDetails.dll
0x0ad50000 - 0x0addb000 	C:\Program Files (x86)\CODA\CODA-Office\Core\xlBrowseReport.dll
0x0a5c0000 - 0x0a5e6000 	C:\Program Files (x86)\CODA\CODA-Office\Core\xlInput.dll
0x0ade0000 - 0x0ae6c000 	C:\Program Files (x86)\CODA\CODA-Office\Core\xlMastersData.dll
0x0b9c0000 - 0x0bc33000 	C:\windows\SYSTEM32\UIAutomationCore.dll
0x0afe0000 - 0x0afea000 	C:\windows\SYSTEM32\CRYPTBASE.DLL
0x0aff0000 - 0x0b037000 	C:\windows\SYSTEM32\WINSTA.dll
0x0b040000 - 0x0b07d000 	C:\Windows\System32\OneCoreCommonProxyStub.dll
0x0b740000 - 0x0b753000 	C:\windows\SYSTEM32\CRYPTSP.dll
0x0b760000 - 0x0b78f000 	C:\windows\system32\rsaenh.dll
0x0b0a0000 - 0x0b0aa000 	C:\Program Files (x86)\Microsoft Office\Office14\msostyle.dll
0x0cd70000 - 0x0cee0000 	C:\windows\SYSTEM32\WindowsCodecs.dll
0x0d000000 - 0x0d049000 	C:\Windows\System32\thumbcache.dll
0x0c050000 - 0x0c063000 	C:\windows\system32\NetworkExplorer.dll
0x0c990000 - 0x0c9a9000 	C:\windows\system32\DavClnt.DLL
0x0b910000 - 0x0b91a000 	C:\windows\SYSTEM32\DAVHLPR.dll
0x0caf0000 - 0x0cb1b000 	C:\windows\SYSTEM32\XmlLite.dll
0x0cb20000 - 0x0cb6a000 	C:\Windows\System32\Windows.FileExplorer.Common.dll
0x0cb70000 - 0x0cb7b000 	C:\windows\SYSTEM32\LINKINFO.dll
0x0cbb0000 - 0x0cd0f000 	C:\windows\System32\DUI70.dll
0x0d800000 - 0x0d877000 	C:\windows\System32\DUser.dll
0x0d980000 - 0x0da02000 	C:\Program Files (x86)\Common Files\microsoft shared\ink\tiptsf.dll
0x0d5a0000 - 0x0d5bb000 	C:\windows\SYSTEM32\edputil.dll
0x0da10000 - 0x0dbba000 	C:\windows\system32\explorerframe.dll
0x0de00000 - 0x0de3c000 	C:\Windows\System32\Windows.UI.FileExplorer.dll
0x0dcb0000 - 0x0dcbd000 	C:\windows\SYSTEM32\atlthunk.dll
0x0dfe0000 - 0x0e061000 	C:\windows\System32\StructuredQuery.dll
0x0dcd0000 - 0x0dd6d000 	C:\windows\system32\Windows.Storage.Search.dll
0x13fc0000 - 0x14053000 	C:\Windows\System32\Windows.StateRepositoryPS.dll

VM Arguments:
jvm_args: -Djava.library.path=C:\Program Files (x86)\Common Files\CODA\router\11.200 -Dcom.coda.configuration=native -Dcom.coda.configuration.context=xmlwin32 version=1.5 -Duser.language
java_command: <unknown>
Launcher Type: generic

Environment Variables:
PATH=C:\Program Files (x86)\Microsoft Office\Office14\;C:\oracle\product\10.2.0\client_1\bin;C:\windows\system32;C:\windows;C:\windows\System32\Wbem;C:\windows\System32\WindowsPowerShell\v1.0\;C:\windows\System32\OpenSSH\;C:\Program Files (x86)\CODA\CODA-Office\Core;C:\Users\rpa\AppData\Local\Microsoft\WindowsApps;
USERNAME=rpa
OS=Windows_NT
PROCESSOR_IDENTIFIER=Intel64 Family 6 Model 158 Stepping 10, GenuineIntel



---------------  S Y S T E M  ---------------

OS: Windows NT 6.2 Build 9200 

CPU:total 6 (cores per cpu 8, threads per core 2) family 6 model 14 stepping 10, cmov, cx8, fxsr, mmx, sse, sse2, ht

Memory: 4k page, physical 2097151k(2097151k free), swap 4194303k(4194303k free)

vm_info: Java HotSpot(TM) Client VM (1.5.0_16-b02) for windows-x86, built on May 28 2008 01:04:49 by "java_re" with MS VC++ 6.0

